TN:
SF:C:\Users\PortatilJaime\Desktop\Uni_18-19\ASW\repos\dechat_en1a\src\polyfills.ts
FNF:0
FNH:0
DA:46,1
DA:74,1
LF:2
LH:2
BRF:0
BRH:0
end_of_record
TN:
SF:C:\Users\PortatilJaime\Desktop\Uni_18-19\ASW\repos\dechat_en1a\src\test.ts
FNF:0
FNH:0
DA:3,1
DA:4,1
DA:5,1
DA:13,1
DA:18,1
DA:20,1
LF:6
LH:6
BRF:0
BRH:0
end_of_record
TN:
SF:C:\Users\PortatilJaime\Desktop\Uni_18-19\ASW\repos\dechat_en1a\src\app\app.component.ts
FN:4,AppComponent
FNF:1
FNH:1
FNDA:2,AppComponent
DA:1,1
DA:9,1
DA:16,2
DA:17,1
LF:4
LH:4
BRF:0
BRH:0
end_of_record
TN:
SF:C:\Users\PortatilJaime\Desktop\Uni_18-19\ASW\repos\dechat_en1a\src\app\chatComponents\chat-form\chat-form.component.ts
FN:35,ChatFormComponent
FN:39,(anonymous_2)
FN:50,(anonymous_3)
FN:79,(anonymous_4)
FN:89,(anonymous_5)
FNF:5
FNH:2
FNDA:1,ChatFormComponent
FNDA:1,(anonymous_2)
FNDA:0,(anonymous_3)
FNDA:0,(anonymous_4)
FNDA:0,(anonymous_5)
DA:1,1
DA:3,1
DA:4,1
DA:5,1
DA:12,1
DA:35,1
DA:36,1
DA:39,1
DA:50,1
DA:52,0
DA:56,0
DA:57,0
DA:61,0
DA:73,0
DA:79,1
DA:80,0
DA:81,0
DA:89,1
DA:91,0
DA:92,0
DA:93,0
DA:96,0
DA:101,1
LF:23
LH:12
BRDA:56,0,0,0
BRDA:56,0,1,0
BRDA:80,1,0,0
BRDA:80,1,1,0
BRF:4
BRH:0
end_of_record
TN:
SF:C:\Users\PortatilJaime\Desktop\Uni_18-19\ASW\repos\dechat_en1a\src\app\chatComponents\chat-header\chat-header.component.ts
FN:13,ChatHeaderComponent
FN:17,(anonymous_2)
FNF:2
FNH:2
FNDA:1,ChatHeaderComponent
FNDA:1,(anonymous_2)
DA:1,1
DA:8,1
DA:14,1
DA:17,1
DA:20,1
LF:5
LH:5
BRF:0
BRH:0
end_of_record
TN:
SF:C:\Users\PortatilJaime\Desktop\Uni_18-19\ASW\repos\dechat_en1a\src\app\chatComponents\chatroom\chatroom.component.ts
FN:31,ChatroomComponent
FN:35,(anonymous_2)
FN:38,(anonymous_3)
FN:42,(anonymous_4)
FNF:4
FNH:4
FNDA:2,ChatroomComponent
FNDA:2,(anonymous_2)
FNDA:2,(anonymous_3)
FNDA:2,(anonymous_4)
DA:1,1
DA:4,1
DA:11,1
DA:20,1
DA:31,2
DA:35,1
DA:38,1
DA:39,2
DA:42,1
DA:43,2
DA:47,1
LF:11
LH:11
BRF:0
BRH:0
end_of_record
TN:
SF:C:\Users\PortatilJaime\Desktop\Uni_18-19\ASW\repos\dechat_en1a\src\app\chatComponents\feed\feed.component.ts
FN:33,FeedComponent
FN:37,(anonymous_2)
FN:41,(anonymous_3)
FN:45,(anonymous_4)
FNF:4
FNH:3
FNDA:3,FeedComponent
FNDA:3,(anonymous_2)
FNDA:0,(anonymous_3)
FNDA:3,(anonymous_4)
DA:1,1
DA:3,1
DA:11,1
DA:33,3
DA:34,3
DA:37,1
DA:38,3
DA:41,1
DA:42,0
DA:45,1
DA:46,3
DA:49,1
LF:12
LH:11
BRF:0
BRH:0
end_of_record
TN:
SF:C:\Users\PortatilJaime\Desktop\Uni_18-19\ASW\repos\dechat_en1a\src\app\chatComponents\message\message.component.ts
FN:76,MessageComponent
FN:105,(anonymous_5)
FNF:2
FNH:2
FNDA:1,MessageComponent
FNDA:1,(anonymous_5)
DA:1,1
DA:2,1
DA:3,1
DA:4,1
DA:11,1
DA:20,1
DA:27,1
DA:76,1
DA:77,1
DA:78,1
DA:87,2
DA:88,1
DA:89,1
DA:90,1
DA:93,1
DA:94,1
DA:95,1
DA:96,1
DA:105,1
DA:106,1
DA:110,1
DA:113,1
DA:116,1
LF:23
LH:23
BRDA:87,0,0,1
BRDA:87,0,1,0
BRDA:87,1,0,1
BRDA:87,1,1,0
BRDA:88,2,0,1
BRDA:88,2,1,0
BRF:6
BRH:3
end_of_record
TN:
SF:C:\Users\PortatilJaime\Desktop\Uni_18-19\ASW\repos\dechat_en1a\src\app\chatComponents\multimedia-display\multimedia-display.component.ts
FN:48,MultimediaDisplayComponent
FN:56,(anonymous_2)
FNF:2
FNH:2
FNDA:2,MultimediaDisplayComponent
FNDA:2,(anonymous_2)
DA:1,1
DA:2,1
DA:9,1
DA:18,1
DA:49,2
DA:56,4
DA:74,2
DA:75,2
DA:76,2
DA:79,1
LF:10
LH:10
BRDA:56,0,0,2
BRDA:56,0,1,0
BRF:2
BRH:1
end_of_record
TN:
SF:C:\Users\PortatilJaime\Desktop\Uni_18-19\ASW\repos\dechat_en1a\src\app\dashboard\dashboard.component.ts
FN:8,(anonymous_0)
FN:15,Session
FN:50,DashboardComponent
FN:61,(anonymous_7)
FN:52,(anonymous_8)
FNF:5
FNH:4
FNDA:1,(anonymous_0)
FNDA:1,Session
FNDA:1,DashboardComponent
FNDA:0,(anonymous_7)
FNDA:1,(anonymous_8)
DA:1,1
DA:2,1
DA:6,1
DA:8,1
DA:26,1
DA:33,1
DA:42,1
DA:50,1
DA:52,1
DA:53,1
DA:54,1
DA:57,1
DA:61,1
DA:62,0
DA:65,1
LF:15
LH:14
BRF:0
BRH:0
end_of_record
TN:
SF:C:\Users\PortatilJaime\Desktop\Uni_18-19\ASW\repos\dechat_en1a\src\app\dialogComponents\new-chat-dialog\new-chat-dialog.component.ts
FN:52,NewChatDialogComponent
FN:62,(anonymous_2)
FN:68,(anonymous_6)
FN:80,(anonymous_7)
FN:101,(anonymous_8)
FN:108,(anonymous_9)
FN:134,(anonymous_13)
FNF:7
FNH:2
FNDA:1,NewChatDialogComponent
FNDA:1,(anonymous_2)
FNDA:0,(anonymous_6)
FNDA:0,(anonymous_7)
FNDA:0,(anonymous_8)
FNDA:0,(anonymous_9)
FNDA:0,(anonymous_13)
DA:1,1
DA:2,1
DA:3,1
DA:5,1
DA:12,1
DA:53,1
DA:54,1
DA:55,1
DA:57,1
DA:58,1
DA:59,1
DA:62,1
DA:66,1
DA:67,1
DA:68,1
DA:80,1
DA:81,0
DA:84,0
DA:85,0
DA:86,0
DA:87,0
DA:91,0
DA:101,1
DA:102,0
DA:108,1
DA:109,0
DA:115,1
DA:116,0
DA:117,0
DA:120,0
DA:121,0
DA:124,0
DA:125,0
DA:127,0
DA:128,0
DA:129,0
DA:131,0
DA:134,1
DA:135,0
DA:138,1
LF:40
LH:21
BRDA:85,0,0,0
BRDA:85,0,1,0
BRDA:116,1,0,0
BRDA:116,1,1,0
BRDA:120,2,0,0
BRDA:120,2,1,0
BRF:6
BRH:0
end_of_record
TN:
SF:C:\Users\PortatilJaime\Desktop\Uni_18-19\ASW\repos\dechat_en1a\src\app\dialogComponents\new-multimedia-dialog\new-multimedia-dialog.component.ts
FN:44,NewMultimediaDialogComponent
FN:48,(anonymous_2)
FN:55,(anonymous_3)
FN:59,(anonymous_4)
FN:66,(anonymous_5)
FNF:5
FNH:2
FNDA:1,NewMultimediaDialogComponent
FNDA:1,(anonymous_2)
FNDA:0,(anonymous_3)
FNDA:0,(anonymous_4)
FNDA:0,(anonymous_5)
DA:1,1
DA:2,1
DA:3,1
DA:10,1
DA:44,1
DA:48,1
DA:55,1
DA:56,0
DA:59,1
DA:60,0
DA:66,1
DA:67,0
DA:71,1
LF:13
LH:10
BRF:0
BRH:0
end_of_record
TN:
SF:C:\Users\PortatilJaime\Desktop\Uni_18-19\ASW\repos\dechat_en1a\src\app\main-content\main-content.component.ts
FN:10,MainContentComponent
FN:13,(anonymous_2)
FNF:2
FNH:2
FNDA:1,MainContentComponent
FNDA:1,(anonymous_2)
DA:1,1
DA:8,1
DA:13,1
DA:16,1
LF:4
LH:4
BRF:0
BRH:0
end_of_record
TN:
SF:C:\Users\PortatilJaime\Desktop\Uni_18-19\ASW\repos\dechat_en1a\src\app\models\dechat\chat-info.model.ts
FN:3,(anonymous_0)
FN:15,ChatInfo
FNF:2
FNH:1
FNDA:1,(anonymous_0)
FNDA:0,ChatInfo
DA:3,1
DA:16,0
DA:17,0
DA:18,0
DA:22,1
LF:5
LH:2
BRF:0
BRH:0
end_of_record
TN:
SF:C:\Users\PortatilJaime\Desktop\Uni_18-19\ASW\repos\dechat_en1a\src\app\models\dechat\chat-message.model.ts
FN:7,(anonymous_0)
FN:19,ChatMessage
FN:25,(anonymous_2)
FNF:3
FNH:3
FNDA:1,(anonymous_0)
FNDA:1,ChatMessage
FNDA:1,(anonymous_2)
DA:2,1
DA:7,1
DA:19,1
DA:20,1
DA:21,1
DA:22,1
DA:25,1
DA:26,1
DA:27,1
DA:28,0
DA:31,1
LF:11
LH:10
BRDA:19,0,0,0
BRDA:19,0,1,1
BRDA:26,1,0,1
BRDA:26,1,1,0
BRF:4
BRH:2
end_of_record
TN:
SF:C:\Users\PortatilJaime\Desktop\Uni_18-19\ASW\repos\dechat_en1a\src\app\models\dechat\chat.model.ts
FN:9,(anonymous_0)
FN:17,Chat
FN:22,(anonymous_2)
FN:32,(anonymous_3)
FN:34,(anonymous_4)
FN:38,(anonymous_5)
FNF:6
FNH:1
FNDA:1,(anonymous_0)
FNDA:0,Chat
FNDA:0,(anonymous_2)
FNDA:0,(anonymous_3)
FNDA:0,(anonymous_4)
FNDA:0,(anonymous_5)
DA:9,1
DA:18,0
DA:19,0
DA:22,1
DA:23,0
DA:24,0
DA:25,0
DA:27,0
DA:28,0
DA:29,0
DA:32,1
DA:33,0
DA:34,0
DA:35,0
DA:38,1
DA:39,0
DA:40,0
DA:41,0
DA:43,1
LF:19
LH:5
BRDA:23,0,0,0
BRDA:23,0,1,0
BRDA:39,1,0,0
BRDA:39,1,1,0
BRF:4
BRH:0
end_of_record
TN:
SF:C:\Users\PortatilJaime\Desktop\Uni_18-19\ASW\repos\dechat_en1a\src\app\models\dechat\inbox-element.model.ts
FN:5,(anonymous_0)
FN:11,(anonymous_1)
FNF:2
FNH:2
FNDA:1,(anonymous_0)
FNDA:1,(anonymous_1)
DA:5,1
DA:6,1
DA:7,1
DA:11,1
DA:17,1
LF:5
LH:5
BRDA:5,0,0,1
BRDA:5,0,1,1
BRF:2
BRH:2
end_of_record
TN:
SF:C:\Users\PortatilJaime\Desktop\Uni_18-19\ASW\repos\dechat_en1a\src\app\models\dechat\message-bundle.model.ts
FN:8,(anonymous_0)
FN:17,MessageBundle
FN:24,(anonymous_2)
FNF:3
FNH:1
FNDA:1,(anonymous_0)
FNDA:0,MessageBundle
FNDA:0,(anonymous_2)
DA:8,1
DA:10,0
DA:18,0
DA:19,0
DA:20,0
DA:21,0
DA:24,1
DA:25,0
DA:26,0
DA:27,0
DA:28,0
DA:30,1
LF:12
LH:3
BRDA:25,0,0,0
BRDA:25,0,1,0
BRF:2
BRH:0
end_of_record
TN:
SF:C:\Users\PortatilJaime\Desktop\Uni_18-19\ASW\repos\dechat_en1a\src\app\models\dechat\multimedia.model.ts
FN:5,(anonymous_0)
FN:13,Multimedia
FNF:2
FNH:1
FNDA:1,(anonymous_0)
FNDA:0,Multimedia
DA:5,1
DA:14,0
DA:15,0
DA:16,0
DA:19,1
LF:5
LH:2
BRF:0
BRH:0
end_of_record
TN:
SF:C:\Users\PortatilJaime\Desktop\Uni_18-19\ASW\repos\dechat_en1a\src\app\models\dechat\user.model.ts
FN:2,(anonymous_0)
FN:10,User
FNF:2
FNH:2
FNDA:1,(anonymous_0)
FNDA:20,User
DA:2,1
DA:11,20
DA:12,20
DA:13,20
DA:15,1
LF:5
LH:5
BRF:0
BRH:0
end_of_record
TN:
SF:C:\Users\PortatilJaime\Desktop\Uni_18-19\ASW\repos\dechat_en1a\src\app\navbar\navbar.component.ts
FN:17,NavbarComponent
FN:21,(anonymous_2)
FN:31,(anonymous_3)
FNF:3
FNH:3
FNDA:3,NavbarComponent
FNDA:1,(anonymous_2)
FNDA:2,(anonymous_3)
DA:1,1
DA:2,1
DA:12,1
DA:17,3
DA:21,1
DA:31,1
DA:32,2
DA:35,1
LF:8
LH:8
BRF:0
BRH:0
end_of_record
TN:
SF:C:\Users\PortatilJaime\Desktop\Uni_18-19\ASW\repos\dechat_en1a\src\app\services\dechat\chat.service.ts
FN:60,ChatService
FN:71,(anonymous_2)
FN:119,(anonymous_12)
FN:137,(anonymous_13)
FN:213,(anonymous_26)
FNF:5
FNH:2
FNDA:3,ChatService
FNDA:0,(anonymous_2)
FNDA:1,(anonymous_12)
FNDA:0,(anonymous_13)
FNDA:0,(anonymous_26)
DA:1,1
DA:5,1
DA:6,1
DA:7,1
DA:8,1
DA:9,1
DA:10,1
DA:12,1
DA:13,1
DA:18,1
DA:60,3
DA:61,3
DA:62,3
DA:63,3
DA:64,3
DA:67,3
DA:68,3
DA:70,3
DA:72,0
DA:73,0
DA:83,1
DA:85,6
DA:86,3
DA:87,3
DA:88,3
DA:90,6
DA:92,3
DA:94,3
DA:95,3
DA:96,6
DA:97,0
DA:98,0
DA:99,0
DA:107,1
DA:109,0
DA:110,0
DA:113,0
DA:119,1
DA:120,1
DA:137,1
DA:138,0
DA:150,1
DA:151,0
DA:152,0
DA:153,0
DA:163,1
DA:165,0
DA:166,0
DA:167,0
DA:168,0
DA:180,1
DA:181,0
DA:184,0
DA:185,0
DA:186,0
DA:188,0
DA:189,0
DA:190,0
DA:191,0
DA:192,0
DA:193,0
DA:195,0
DA:196,0
DA:197,0
DA:200,0
DA:202,0
DA:213,1
DA:214,0
DA:215,0
DA:217,0
DA:218,0
DA:219,0
DA:237,1
DA:238,0
DA:240,0
DA:244,0
DA:245,0
DA:247,0
DA:248,0
DA:249,0
DA:250,0
DA:252,0
DA:253,0
DA:254,0
DA:255,0
DA:256,0
DA:260,0
DA:262,0
DA:265,1
LF:89
LH:38
BRDA:72,0,0,0
BRDA:72,0,1,0
BRDA:98,1,0,0
BRDA:98,1,1,0
BRDA:196,2,0,0
BRDA:196,2,1,0
BRDA:214,3,0,0
BRDA:214,3,1,0
BRDA:247,4,0,0
BRDA:247,4,1,0
BRDA:247,5,0,0
BRDA:247,5,1,0
BRDA:253,6,0,0
BRDA:253,6,1,0
BRF:14
BRH:0
end_of_record
TN:
SF:C:\Users\PortatilJaime\Desktop\Uni_18-19\ASW\repos\dechat_en1a\src\app\services\dechat\files.service.ts
FN:24,FilesService
FN:33,(anonymous_2)
FN:47,(anonymous_6)
FN:48,(anonymous_7)
FN:66,(anonymous_9)
FN:70,(anonymous_12)
FN:71,(anonymous_13)
FN:91,(anonymous_17)
FN:100,(anonymous_18)
FN:113,(anonymous_19)
FN:125,(anonymous_20)
FN:138,(anonymous_21)
FN:150,(anonymous_25)
FN:151,(anonymous_26)
FN:165,(anonymous_30)
FN:170,(anonymous_31)
FN:184,(anonymous_35)
FN:185,(anonymous_36)
FN:201,(anonymous_40)
FN:204,(anonymous_41)
FN:214,(anonymous_42)
FN:216,(anonymous_43)
FN:217,(anonymous_44)
FN:231,(anonymous_48)
FN:231,(anonymous_49)
FN:232,(anonymous_50)
FN:243,(anonymous_51)
FN:245,(anonymous_52)
FN:246,(anonymous_53)
FN:260,(anonymous_57)
FN:260,(anonymous_58)
FN:261,(anonymous_59)
FN:299,(anonymous_63)
FN:301,(anonymous_64)
FN:312,(anonymous_65)
FN:319,(anonymous_66)
FN:358,(anonymous_67)
FNF:37
FNH:11
FNDA:6,FilesService
FNDA:3,(anonymous_2)
FNDA:3,(anonymous_6)
FNDA:3,(anonymous_7)
FNDA:6,(anonymous_9)
FNDA:0,(anonymous_12)
FNDA:12,(anonymous_13)
FNDA:0,(anonymous_17)
FNDA:0,(anonymous_18)
FNDA:3,(anonymous_19)
FNDA:0,(anonymous_20)
FNDA:4,(anonymous_21)
FNDA:6,(anonymous_25)
FNDA:0,(anonymous_26)
FNDA:0,(anonymous_30)
FNDA:0,(anonymous_31)
FNDA:0,(anonymous_35)
FNDA:0,(anonymous_36)
FNDA:0,(anonymous_40)
FNDA:0,(anonymous_41)
FNDA:0,(anonymous_42)
FNDA:0,(anonymous_43)
FNDA:0,(anonymous_44)
FNDA:0,(anonymous_48)
FNDA:0,(anonymous_49)
FNDA:3,(anonymous_50)
FNDA:0,(anonymous_51)
FNDA:0,(anonymous_52)
FNDA:0,(anonymous_53)
FNDA:0,(anonymous_57)
FNDA:0,(anonymous_58)
FNDA:3,(anonymous_59)
FNDA:0,(anonymous_63)
FNDA:0,(anonymous_64)
FNDA:0,(anonymous_65)
FNDA:0,(anonymous_66)
FNDA:0,(anonymous_67)
DA:1,1
DA:2,1
DA:5,1
DA:10,1
DA:24,6
DA:33,1
DA:34,3
DA:37,1
DA:38,6
DA:40,3
DA:41,3
DA:46,3
DA:47,3
DA:48,3
DA:49,3
DA:66,24
DA:67,24
DA:68,12
DA:69,12
DA:70,0
DA:72,12
DA:73,12
DA:77,0
DA:86,1
DA:87,0
DA:89,0
DA:91,0
DA:92,0
DA:93,0
DA:96,0
DA:100,1
DA:101,0
DA:102,0
DA:103,0
DA:113,1
DA:114,3
DA:125,1
DA:126,0
DA:127,0
DA:128,0
DA:129,0
DA:138,1
DA:139,4
DA:148,1
DA:149,18
DA:150,6
DA:151,0
DA:163,1
DA:164,0
DA:166,0
DA:167,0
DA:168,0
DA:170,0
DA:182,1
DA:183,0
DA:184,0
DA:187,0
DA:199,1
DA:200,0
DA:201,0
DA:202,0
DA:203,0
DA:204,0
DA:205,0
DA:214,1
DA:215,0
DA:216,0
DA:217,0
DA:227,1
DA:229,4
DA:230,7
DA:231,0
DA:232,3
DA:234,3
DA:243,1
DA:244,0
DA:245,0
DA:246,0
DA:256,1
DA:258,3
DA:259,6
DA:260,0
DA:261,3
DA:263,3
DA:274,1
DA:275,0
DA:276,0
DA:297,0
DA:298,0
DA:299,0
DA:300,0
DA:301,0
DA:312,1
DA:314,0
DA:315,0
DA:318,0
DA:319,0
DA:320,0
DA:321,0
DA:322,0
DA:324,0
DA:329,0
DA:330,0
DA:331,0
DA:332,0
DA:333,0
DA:334,0
DA:337,0
DA:338,0
DA:339,0
DA:340,0
DA:344,0
DA:345,0
DA:346,0
DA:347,0
DA:348,0
DA:351,0
DA:352,0
DA:353,0
DA:358,0
DA:359,0
DA:360,0
DA:361,0
DA:362,0
DA:363,0
DA:364,0
DA:365,0
DA:367,0
DA:378,1
LF:129
LH:49
BRDA:66,0,0,12
BRDA:66,0,1,0
BRDA:163,1,0,0
BRDA:163,1,1,0
BRDA:167,2,0,0
BRDA:167,2,1,0
BRDA:320,3,0,0
BRDA:320,3,1,0
BRDA:332,4,0,0
BRDA:332,4,1,0
BRDA:337,5,0,0
BRDA:337,5,1,0
BRDA:346,6,0,0
BRDA:346,6,1,0
BRDA:351,7,0,0
BRDA:351,7,1,0
BRDA:359,8,0,0
BRDA:359,8,1,0
BRF:18
BRH:1
end_of_record
TN:
SF:C:\Users\PortatilJaime\Desktop\Uni_18-19\ASW\repos\dechat_en1a\src\app\services\dechat\inbox.service.ts
FN:38,InboxService
FN:58,(anonymous_5)
FN:77,(anonymous_9)
FN:79,(anonymous_10)
FN:91,(anonymous_11)
FN:92,(anonymous_12)
FN:93,(anonymous_13)
FN:133,(anonymous_17)
FN:157,(anonymous_18)
FN:179,(anonymous_19)
FNF:10
FNH:4
FNDA:6,InboxService
FNDA:8,(anonymous_5)
FNDA:3,(anonymous_9)
FNDA:0,(anonymous_10)
FNDA:3,(anonymous_11)
FNDA:0,(anonymous_12)
FNDA:0,(anonymous_13)
FNDA:0,(anonymous_17)
FNDA:0,(anonymous_18)
FNDA:0,(anonymous_19)
DA:1,1
DA:2,1
DA:3,1
DA:5,1
DA:13,1
DA:39,6
DA:40,6
DA:42,6
DA:43,6
DA:44,6
DA:50,1
DA:51,12
DA:53,6
DA:54,6
DA:55,6
DA:58,1
DA:59,8
DA:66,1
DA:68,4
DA:69,0
DA:70,0
DA:74,4
DA:75,4
DA:76,4
DA:79,3
DA:81,3
DA:85,3
DA:91,3
DA:92,3
DA:93,0
DA:95,3
DA:104,1
DA:106,3
DA:108,0
DA:109,0
DA:110,0
DA:111,0
DA:112,0
DA:114,0
DA:133,1
DA:136,0
DA:137,0
DA:138,0
DA:140,0
DA:141,0
DA:143,0
DA:157,1
DA:160,0
DA:161,0
DA:162,0
DA:163,0
DA:165,0
DA:166,0
DA:168,0
DA:179,1
DA:181,0
DA:182,0
DA:183,0
DA:187,1
LF:59
LH:34
BRDA:109,0,0,0
BRDA:109,0,1,0
BRF:2
BRH:0
end_of_record
TN:
SF:C:\Users\PortatilJaime\Desktop\Uni_18-19\ASW\repos\dechat_en1a\src\app\services\dechat\message.service.ts
FN:86,MessageService
FN:95,(anonymous_2)
FN:108,(anonymous_3)
FN:162,(anonymous_10)
FN:165,(anonymous_11)
FN:166,(anonymous_12)
FN:174,(anonymous_13)
FN:199,(anonymous_14)
FN:209,(anonymous_15)
FN:253,(anonymous_22)
FN:280,(anonymous_26)
FN:323,(anonymous_30)
FNF:12
FNH:3
FNDA:5,MessageService
FNDA:0,(anonymous_2)
FNDA:3,(anonymous_3)
FNDA:0,(anonymous_10)
FNDA:0,(anonymous_11)
FNDA:0,(anonymous_12)
FNDA:0,(anonymous_13)
FNDA:2,(anonymous_14)
FNDA:0,(anonymous_15)
FNDA:0,(anonymous_22)
FNDA:0,(anonymous_26)
FNDA:0,(anonymous_30)
DA:1,1
DA:2,1
DA:4,1
DA:5,1
DA:7,1
DA:8,1
DA:9,1
DA:10,1
DA:17,1
DA:86,5
DA:87,5
DA:88,5
DA:91,5
DA:92,5
DA:94,5
DA:96,0
DA:97,0
DA:108,1
DA:109,3
DA:118,1
DA:120,0
DA:122,0
DA:123,0
DA:125,0
DA:126,0
DA:127,0
DA:136,1
DA:138,0
DA:141,0
DA:142,0
DA:145,0
DA:146,0
DA:148,0
DA:149,0
DA:154,0
DA:156,0
DA:157,0
DA:159,0
DA:160,0
DA:162,0
DA:163,0
DA:165,0
DA:166,0
DA:167,0
DA:174,1
DA:175,0
DA:177,0
DA:181,0
DA:186,0
DA:199,1
DA:200,2
DA:209,1
DA:211,0
DA:220,1
DA:223,0
DA:224,0
DA:226,0
DA:231,0
DA:232,0
DA:233,0
DA:237,0
DA:240,0
DA:241,0
DA:244,0
DA:253,1
DA:254,0
DA:255,0
DA:256,0
DA:257,0
DA:258,0
DA:259,0
DA:268,1
DA:270,0
DA:271,0
DA:273,0
DA:276,0
DA:279,0
DA:280,0
DA:281,0
DA:282,0
DA:285,0
DA:289,0
DA:290,0
DA:292,0
DA:296,0
DA:297,0
DA:299,0
DA:300,0
DA:301,0
DA:302,0
DA:305,0
DA:308,0
DA:309,0
DA:310,0
DA:311,0
DA:320,1
DA:323,0
DA:326,0
DA:327,0
DA:346,1
DA:348,0
DA:349,0
DA:351,0
DA:352,0
DA:353,0
DA:355,0
DA:356,0
DA:362,0
DA:363,0
DA:364,0
DA:365,0
DA:366,0
DA:367,0
DA:368,0
DA:370,0
DA:373,0
DA:387,1
DA:389,0
DA:390,0
DA:392,0
DA:393,0
DA:395,0
DA:396,0
DA:399,0
DA:400,0
DA:401,0
DA:402,0
DA:403,0
DA:406,0
DA:417,1
DA:418,0
DA:419,0
DA:420,0
DA:421,0
DA:432,1
DA:434,0
DA:435,0
DA:436,0
DA:438,0
DA:441,1
LF:140
LH:32
BRDA:96,0,0,0
BRDA:96,0,1,0
BRDA:122,1,0,0
BRDA:122,1,1,0
BRDA:145,2,0,0
BRDA:145,2,1,0
BRDA:159,3,0,0
BRDA:159,3,1,0
BRDA:273,4,0,0
BRDA:273,4,1,0
BRDA:279,5,0,0
BRDA:279,5,1,0
BRDA:281,6,0,0
BRDA:281,6,1,0
BRDA:289,7,0,0
BRDA:289,7,1,0
BRDA:351,8,0,0
BRDA:351,8,1,0
BRDA:366,9,0,0
BRDA:366,9,1,0
BRDA:419,10,0,0
BRDA:419,10,1,0
BRF:22
BRH:0
end_of_record
TN:
SF:C:\Users\PortatilJaime\Desktop\Uni_18-19\ASW\repos\dechat_en1a\src\app\services\dechat\user.service.ts
FN:57,UserService
FN:109,(anonymous_5)
FN:122,(anonymous_6)
FN:136,(anonymous_10)
FN:140,(anonymous_11)
FNF:5
FNH:2
FNDA:7,UserService
FNDA:0,(anonymous_5)
FNDA:17,(anonymous_6)
FNDA:0,(anonymous_10)
FNDA:0,(anonymous_11)
DA:1,1
DA:3,1
DA:5,1
DA:6,1
DA:11,1
DA:57,7
DA:59,7
DA:60,7
DA:61,7
DA:62,7
DA:63,7
DA:64,7
DA:68,7
DA:75,1
DA:77,20
DA:78,3
DA:81,17
DA:82,0
DA:86,17
DA:87,17
DA:88,17
DA:89,0
DA:90,0
DA:93,17
DA:94,17
DA:95,17
DA:96,0
DA:98,17
DA:102,0
DA:109,1
DA:111,0
DA:112,0
DA:113,0
DA:114,0
DA:115,0
DA:116,0
DA:122,1
DA:123,17
DA:124,17
DA:130,1
DA:131,0
DA:133,0
DA:134,0
DA:136,0
DA:137,0
DA:138,0
DA:140,0
DA:141,0
DA:149,1
DA:150,18
DA:151,9
DA:157,1
DA:158,0
DA:159,0
DA:165,1
DA:166,0
DA:167,0
DA:173,1
DA:174,8
DA:175,4
DA:178,1
LF:61
LH:38
BRDA:77,0,0,3
BRDA:77,0,1,17
BRDA:81,1,0,0
BRDA:81,1,1,17
BRDA:88,2,0,0
BRDA:88,2,1,17
BRDA:95,3,0,0
BRDA:95,3,1,17
BRDA:115,4,0,0
BRDA:115,4,1,0
BRDA:140,5,0,0
BRDA:140,5,1,0
BRF:12
BRH:5
end_of_record
TN:
SF:C:\Users\PortatilJaime\Desktop\Uni_18-19\ASW\repos\dechat_en1a\src\app\services\mock\mock-chat.service.ts
FN:18,MockChatService
FN:29,(anonymous_5)
FN:35,(anonymous_6)
FN:51,(anonymous_13)
FNF:4
FNH:2
FNDA:3,MockChatService
FNDA:1,(anonymous_5)
FNDA:0,(anonymous_6)
FNDA:0,(anonymous_13)
DA:1,1
DA:4,1
DA:5,1
DA:11,1
DA:19,3
DA:24,1
DA:29,1
DA:30,1
DA:35,1
DA:36,0
DA:40,1
DA:41,0
DA:46,1
DA:47,0
DA:51,1
DA:52,0
DA:53,0
DA:55,0
DA:56,0
DA:62,1
DA:63,0
DA:66,1
LF:22
LH:14
BRDA:52,0,0,0
BRDA:52,0,1,0
BRF:2
BRH:0
end_of_record
TN:
SF:C:\Users\PortatilJaime\Desktop\Uni_18-19\ASW\repos\dechat_en1a\src\app\services\mock\mock-message.service.ts
FN:19,MockMessageService
FN:23,(anonymous_2)
FN:44,(anonymous_9)
FN:65,(anonymous_10)
FNF:4
FNH:2
FNDA:2,MockMessageService
FNDA:0,(anonymous_2)
FNDA:0,(anonymous_9)
FNDA:1,(anonymous_10)
DA:1,1
DA:2,1
DA:13,1
DA:20,2
DA:23,1
DA:24,0
DA:28,1
DA:35,1
DA:44,1
DA:45,0
DA:47,0
DA:51,0
DA:56,0
DA:65,1
DA:66,1
DA:69,1
DA:80,1
DA:82,0
DA:86,1
LF:19
LH:13
BRF:0
BRH:0
end_of_record
TN:
SF:C:\Users\PortatilJaime\Desktop\Uni_18-19\ASW\repos\dechat_en1a\src\app\services\mock\mock-user.service.ts
FN:20,MockUserService
FNF:1
FNH:1
FNDA:2,MockUserService
DA:1,1
DA:3,1
DA:11,1
DA:21,2
DA:22,2
DA:29,1
DA:30,1
DA:33,1
DA:34,1
DA:37,1
DA:38,1
DA:41,1
DA:42,0
DA:45,1
LF:14
LH:13
BRF:0
BRH:0
end_of_record
TN:
SF:C:\Users\PortatilJaime\Desktop\Uni_18-19\ASW\repos\dechat_en1a\src\app\services\solid\rdf.service.ts
FN:45,RdfService
FN:70,(anonymous_5)
FN:80,(anonymous_6)
FN:84,(anonymous_7)
FN:95,(anonymous_8)
FN:243,(anonymous_12)
FN:255,(anonymous_13)
FN:271,(anonymous_14)
FN:282,(anonymous_15)
FN:127,(anonymous_19)
FN:149,(anonymous_20)
FN:180,(anonymous_21)
FN:202,(anonymous_22)
FN:224,(anonymous_23)
FN:324,(anonymous_24)
FN:351,(anonymous_28)
FN:355,(anonymous_29)
FNF:17
FNH:1
FNDA:8,RdfService
FNDA:0,(anonymous_5)
FNDA:0,(anonymous_6)
FNDA:0,(anonymous_7)
FNDA:0,(anonymous_8)
FNDA:0,(anonymous_12)
FNDA:0,(anonymous_13)
FNDA:0,(anonymous_14)
FNDA:0,(anonymous_15)
FNDA:0,(anonymous_19)
FNDA:0,(anonymous_20)
FNDA:0,(anonymous_21)
FNDA:0,(anonymous_22)
FNDA:0,(anonymous_23)
FNDA:0,(anonymous_24)
FNDA:0,(anonymous_28)
FNDA:0,(anonymous_29)
DA:1,1
DA:10,1
DA:13,1
DA:14,1
DA:23,1
DA:26,8
DA:35,8
DA:43,8
DA:45,8
DA:46,8
DA:47,8
DA:48,8
DA:49,8
DA:55,8
DA:56,40
DA:70,8
DA:71,0
DA:80,8
DA:81,0
DA:84,8
DA:85,0
DA:86,0
DA:87,0
DA:88,0
DA:95,0
DA:97,0
DA:98,0
DA:99,0
DA:101,0
DA:102,0
DA:105,0
DA:106,0
DA:110,0
DA:111,0
DA:112,0
DA:113,0
DA:114,0
DA:115,0
DA:116,0
DA:121,0
DA:127,1
DA:129,0
DA:132,0
DA:135,0
DA:138,0
DA:142,0
DA:143,0
DA:146,0
DA:149,1
DA:153,0
DA:155,0
DA:156,0
DA:157,0
DA:159,0
DA:161,0
DA:162,0
DA:163,0
DA:165,0
DA:167,0
DA:168,0
DA:171,0
DA:180,1
DA:183,0
DA:184,0
DA:187,0
DA:189,0
DA:190,0
DA:192,0
DA:193,0
DA:195,0
DA:196,0
DA:199,0
DA:202,1
DA:205,0
DA:206,0
DA:209,0
DA:211,0
DA:212,0
DA:214,0
DA:215,0
DA:217,0
DA:218,0
DA:221,0
DA:224,1
DA:225,0
DA:227,0
DA:230,0
DA:232,0
DA:236,8
DA:237,0
DA:238,0
DA:239,0
DA:242,0
DA:243,0
DA:244,0
DA:245,0
DA:246,0
DA:247,0
DA:249,0
DA:255,8
DA:256,0
DA:258,0
DA:259,0
DA:267,0
DA:271,8
DA:272,0
DA:274,0
DA:275,0
DA:278,0
DA:282,8
DA:283,0
DA:285,0
DA:286,0
DA:290,8
DA:292,0
DA:293,34
DA:295,17
DA:296,17
DA:297,17
DA:301,17
DA:303,0
DA:304,0
DA:314,17
DA:324,1
DA:325,0
DA:326,0
DA:327,0
DA:329,0
DA:338,1
DA:342,0
DA:344,0
DA:345,0
DA:347,0
DA:351,1
DA:352,0
DA:355,1
DA:356,0
DA:359,1
LF:138
LH:39
BRDA:88,0,0,0
BRDA:88,0,1,0
BRDA:105,1,0,0
BRDA:105,1,1,0
BRDA:105,2,0,0
BRDA:105,2,1,0
BRDA:105,2,2,0
BRDA:105,2,3,0
BRDA:110,3,0,0
BRDA:110,3,1,0
BRDA:110,4,0,0
BRDA:110,4,1,0
BRDA:110,4,2,0
BRDA:113,5,0,0
BRDA:113,5,1,0
BRDA:113,6,0,0
BRDA:113,6,1,0
BRDA:113,6,2,0
BRDA:115,7,0,0
BRDA:115,7,1,0
BRDA:115,8,0,0
BRDA:115,8,1,0
BRDA:115,8,2,0
BRDA:242,9,0,0
BRDA:242,9,1,0
BRDA:242,10,0,0
BRDA:242,10,1,0
BRDA:244,11,0,0
BRDA:244,11,1,0
BRDA:258,12,0,0
BRDA:258,12,1,0
BRDA:274,13,0,0
BRDA:274,13,1,0
BRDA:285,14,0,0
BRDA:285,14,1,0
BRDA:296,15,0,17
BRDA:296,15,1,0
BRDA:135,16,0,0
BRDA:135,16,1,0
BRDA:142,17,0,0
BRDA:142,17,1,0
BRDA:154,18,0,0
BRDA:154,18,1,0
BRDA:154,18,2,0
BRDA:156,19,0,0
BRDA:156,19,1,0
BRDA:162,20,0,0
BRDA:162,20,1,0
BRDA:183,21,0,0
BRDA:183,21,1,0
BRDA:188,22,0,0
BRDA:188,22,1,0
BRDA:188,22,2,0
BRDA:205,23,0,0
BRDA:205,23,1,0
BRDA:205,24,0,0
BRDA:205,24,1,0
BRDA:210,25,0,0
BRDA:210,25,1,0
BRDA:210,25,2,0
BRDA:226,26,0,0
BRDA:226,26,1,0
BRDA:226,26,2,0
BRDA:226,26,3,0
BRDA:325,27,0,0
BRDA:325,27,1,0
BRDA:326,28,0,0
BRDA:326,28,1,0
BRF:68
BRH:1
end_of_record
TN:
SF:C:\Users\PortatilJaime\Desktop\Uni_18-19\ASW\repos\dechat_en1a\src\app\services\solid\solid.auth.service.ts
FN:29,AuthService
FN:73,(anonymous_11)
FN:79,(anonymous_12)
FN:100,(anonymous_16)
FNF:4
FNH:1
FNDA:8,AuthService
FNDA:0,(anonymous_11)
FNDA:0,(anonymous_12)
FNDA:0,(anonymous_16)
DA:1,1
DA:2,1
DA:3,1
DA:4,1
DA:19,1
DA:21,8
DA:29,8
DA:30,8
DA:36,8
DA:37,8
DA:45,8
DA:47,0
DA:49,0
DA:52,0
DA:54,0
DA:61,8
DA:63,0
DA:65,0
DA:67,0
DA:69,0
DA:73,8
DA:74,0
DA:75,0
DA:79,8
DA:80,0
DA:88,8
DA:89,0
DA:100,1
DA:120,0
DA:126,1
LF:30
LH:17
BRDA:74,0,0,0
BRDA:74,0,1,0
BRF:2
BRH:0
end_of_record
TN:
SF:C:\Users\PortatilJaime\Desktop\Uni_18-19\ASW\repos\dechat_en1a\src\app\sidebarComponents\chat-item\chat-item.component.ts
FN:31,ChatItemComponent
FN:33,(anonymous_2)
FN:39,(anonymous_3)
FN:48,(anonymous_4)
FNF:4
FNH:3
FNDA:1,ChatItemComponent
FNDA:1,(anonymous_2)
FNDA:2,(anonymous_3)
FNDA:0,(anonymous_4)
DA:1,1
DA:2,1
DA:3,1
DA:11,1
DA:20,1
DA:31,1
DA:33,1
DA:39,1
DA:40,2
DA:41,2
DA:42,0
DA:48,1
DA:49,0
DA:50,0
DA:52,1
LF:15
LH:12
BRDA:40,0,0,2
BRDA:40,0,1,0
BRF:2
BRH:1
end_of_record
TN:
SF:C:\Users\PortatilJaime\Desktop\Uni_18-19\ASW\repos\dechat_en1a\src\app\sidebarComponents\chat-list\chat-list.component.ts
FN:35,ChatListComponent
FN:43,(anonymous_2)
FN:47,(anonymous_3)
FN:54,(anonymous_4)
FN:61,(anonymous_5)
FNF:5
FNH:3
FNDA:2,ChatListComponent
FNDA:2,(anonymous_2)
FNDA:0,(anonymous_3)
FNDA:2,(anonymous_4)
FNDA:0,(anonymous_5)
DA:1,1
DA:4,1
DA:6,1
DA:7,1
DA:14,1
DA:36,2
DA:37,2
DA:38,2
DA:43,1
DA:44,2
DA:47,1
DA:48,0
DA:54,1
DA:55,2
DA:61,1
DA:64,0
DA:65,0
DA:66,0
DA:68,0
DA:72,1
LF:20
LH:15
BRF:0
BRH:0
end_of_record
TN:
SF:C:\Users\PortatilJaime\Desktop\Uni_18-19\ASW\repos\dechat_en1a\src\app\utilComponents\profile-icon\profile-icon.component.ts
FN:36,ProfileIconComponent
FN:40,(anonymous_2)
FNF:2
FNH:2
FNDA:1,ProfileIconComponent
FNDA:1,(anonymous_2)
DA:1,1
DA:2,1
DA:9,1
DA:36,1
DA:37,1
DA:40,1
DA:41,1
DA:47,1
DA:48,1
DA:49,1
DA:52,1
LF:11
LH:11
BRF:0
BRH:0
end_of_record
TN:
SF:C:\Users\PortatilJaime\Desktop\Uni_18-19\ASW\repos\dechat_en1a\src\app\utilComponents\user-display-slot\user-display-slot.component.ts
FN:33,UserDisplaySlotComponent
FN:36,(anonymous_2)
FNF:2
FNH:2
FNDA:1,UserDisplaySlotComponent
FNDA:1,(anonymous_2)
DA:1,1
DA:2,1
DA:9,1
DA:18,1
DA:36,2
DA:37,1
DA:38,1
DA:40,1
DA:43,1
LF:9
LH:9
BRDA:36,0,0,1
BRDA:36,0,1,0
BRDA:37,1,0,1
BRDA:37,1,1,0
BRF:4
BRH:2
end_of_record
